<?xml version="1.0" encoding="UTF-8" ?>
<testsuite errors="0" failures="0" hostname="DESKTOP-J4K0AHG" name="CreatePage" skipped="0" tests="1" time="52.507" timestamp="2020-04-28T08:15:36">
  <properties>
    <property name="ant.library.dir" value="C:\Users\Kevin_Hanson\.p2\pool\plugins\org.apache.ant_1.10.7.v20190926-0324\lib" />
    <property name="env.NUMBER_OF_PROCESSORS" value="4" />
    <property name="env.USERPROFILE" value="C:\Users\Kevin_Hanson" />
    <property name="java.specification.version" value="13" />
    <property name="ant.project.name" value="test-webapp" />
    <property name="sun.cpu.isalist" value="amd64" />
    <property name="sun.jnu.encoding" value="Cp1252" />
    <property name="sun.arch.data.model" value="64" />
    <property name="debuglevel" value="source,lines,vars" />
    <property name="env.FPS_BROWSER_APP_PROFILE_STRING" value="Internet Explorer" />
    <property name="java.vendor.url" value="https://java.oracle.com/" />
    <property name="env.CommonProgramW6432" value="C:\Program Files\Common Files" />
    <property name="env.OS" value="Windows_NT" />
    <property name="env.SOPC_KIT_NIOS2" value="C:\intelFPGA_lite\17.1\nios2eds" />
    <property name="sun.boot.library.path" value="C:\Program Files\Java\jdk-13.0.2\bin" />
    <property name="sun.java.command" value="org.apache.tools.ant.taskdefs.optional.junit.JUnitTestRunner CreatePage skipNonTests=false filtertrace=true haltOnError=false haltOnFailure=false formatter=org.apache.tools.ant.taskdefs.optional.junit.OutErrSummaryJUnitResultFormatter showoutput=false outputtoformatters=true logfailedtests=true threadid=0 logtestlistenerevents=false formatter=org.apache.tools.ant.taskdefs.optional.junit.XMLJUnitResultFormatter,C:\Users\Kevin_Hanson\Desktop\webapp_tests\test-webapp\junit\TEST-CreatePage.xml crashfile=C:\Users\Kevin_Hanson\Desktop\webapp_tests\test-webapp\junitvmwatcher11865303803619612665.properties propsfile=C:\Users\Kevin_Hanson\Desktop\webapp_tests\test-webapp\junit1244766525346229768.properties" />
    <property name="jdk.debug" value="release" />
    <property name="env.ComSpec" value="C:\WINDOWS\system32\cmd.exe" />
    <property name="eclipse.pdebuild.templates" value="C:\Users\Kevin_Hanson\eclipse\jee-2019-12\eclipse\..\..\..\.p2\pool\plugins\org.eclipse.pde.build_3.10.600.v20191011-0535\templates" />
    <property name="java.specification.vendor" value="Oracle Corporation" />
    <property name="java.version.date" value="2020-01-14" />
    <property name="env.JAVA_HOME" value="C:\Program Files (x86)\Java\jdk1.8.0_101\jdk-13.0.2" />
    <property name="java.home" value="C:\Program Files\Java\jdk-13.0.2" />
    <property name="file.separator" value="\" />
    <property name="basedir" value="C:\Users\Kevin_Hanson\Desktop\webapp_tests\test-webapp" />
    <property name="env.ProgramFiles" value="C:\Program Files" />
    <property name="java.vm.compressedOopsMode" value="Zero based" />
    <property name="line.separator" value="&#xd;&#xa;" />
    <property name="env.PROMPT" value="$P$G" />
    <property name="java.specification.name" value="Java Platform API Specification" />
    <property name="java.vm.specification.vendor" value="Oracle Corporation" />
    <property name="env.CPLEX_STUDIO_BINARIES129" value="C:\Program Files\IBM\ILOG\CPLEX_Studio129\opl\bin\x64_win64;C:\Program Files\IBM\ILOG\CPLEX_Studio129\opl\oplide\;C:\Program Files\IBM\ILOG\CPLEX_Studio129\cplex\bin\x64_win64;C:\Program Files\IBM\ILOG\CPLEX_Studio129\cpoptimizer\bin\x64_win64" />
    <property name="env.LOCALAPPDATA" value="C:\Users\Kevin_Hanson\AppData\Local" />
    <property name="env.USERDOMAIN_ROAMINGPROFILE" value="DESKTOP-J4K0AHG" />
    <property name="env.PROCESSOR_REVISION" value="4e03" />
    <property name="user.script" value="" />
    <property name="env.PSModulePath" value="C:\Program Files\WindowsPowerShell\Modules;C:\WINDOWS\system32\WindowsPowerShell\v1.0\Modules" />
    <property name="ant.file.type.test-webapp" value="file" />
    <property name="sun.management.compiler" value="HotSpot 64-Bit Tiered Compilers" />
    <property name="env.PROCESSOR_IDENTIFIER" value="Intel64 Family 6 Model 78 Stepping 3, GenuineIntel" />
    <property name="java.runtime.version" value="13.0.2+8" />
    <property name="user.name" value="Kevin_Hanson" />
    <property name="env.ProgramW6432" value="C:\Program Files" />
    <property name="env.DriverData" value="C:\Windows\System32\Drivers\DriverData" />
    <property name="env.CommonProgramFiles" value="C:\Program Files\Common Files" />
    <property name="env.PUBLIC" value="C:\Users\Public" />
    <property name="file.encoding" value="Cp1252" />
    <property name="env.COMPUTERNAME" value="DESKTOP-J4K0AHG" />
    <property name="env.HOMEPATH" value="\Users\Kevin_Hanson" />
    <property name="env.SystemDrive" value="C:" />
    <property name="env.APPDATA" value="C:\Users\Kevin_Hanson\AppData\Roaming" />
    <property name="env.ProgramData" value="C:\ProgramData" />
    <property name="java.io.tmpdir" value="C:\Users\KEVIN_~1\AppData\Local\Temp\" />
    <property name="env.QSYS_ROOTDIR" value="C:\intelFPGA_lite\17.1\quartus\sopc_builder\bin" />
    <property name="java.version" value="13.0.2" />
    <property name="env.Path" value="C:/Program Files/Java/jdk-13.0.2/bin/server;C:/Program Files/Java/jdk-13.0.2/bin;C:\Program Files\IBM\ILOG\CPLEX_Studio129\opl\bin\x64_win64;C:\Program Files\IBM\ILOG\CPLEX_Studio129\opl\oplide\;C:\Program Files\IBM\ILOG\CPLEX_Studio129\cplex\bin\x64_win64;C:\Program Files\IBM\ILOG\CPLEX_Studio129\cpoptimizer\bin\x64_win64;C:\Program Files (x86)\Common Files\Oracle\Java\javapath;C:\ProgramData\Oracle\Java\javapath;C:\Program Files (x86)\Intel\iCLS Client\;C:\Program Files\Intel\iCLS Client\;C:\Windows\system32;C:\Windows;C:\Windows\System32\Wbem;C:\Windows\System32\WindowsPowerShell\v1.0\;C:\Program Files (x86)\Intel\Intel(R) Management Engine Components\DAL;C:\Program Files\Intel\Intel(R) Management Engine Components\DAL;C:\Program Files (x86)\Intel\Intel(R) Management Engine Components\IPT;C:\Program Files\Intel\Intel(R) Management Engine Components\IPT;C:\Program Files (x86)\NVIDIA Corporation\PhysX\Common;C:\Program Files\Intel\WiFi\bin\;C:\Program Files\Common Files\Intel\WirelessCommon\;C:\WINDOWS\system32;C:\WINDOWS;C:\WINDOWS\System32\Wbem;C:\WINDOWS\System32\WindowsPowerShell\v1.0\;C:\WINDOWS\System32\OpenSSH\;C:\Program Files\PuTTY\;C:\Program Files (x86)\Java\jdk1.8.0_101\jdk-13.0.2\bin;C:\Users\Kevin_Hanson\AppData\Roaming\Dashlane\4.5.1.15044\bin\Firefox_Extension\{442718d9-475e-452a-b3e1-fb1ee16b8e9f}\components;C:\Users\Kevin_Hanson\AppData\Roaming\Dashlane\4.5.2.16147\bin\Firefox_Extension\{442718d9-475e-452a-b3e1-fb1ee16b8e9f}\components;C:\Users\Kevin_Hanson\AppData\Local\Microsoft\WindowsApps;C:\intelFPGA\17.1\modelsim_ase\win32aloem;C:\Users\Kevin_Hanson\AppData\Local\GitHubDesktop\bin;C:\Users\Kevin_Hanson\Desktop\School Folder;" />
    <property name="env.HOMEDRIVE" value="C:" />
    <property name="env.PROCESSOR_LEVEL" value="6" />
    <property name="env.QUARTUS_ROOTDIR" value="C:\intelFPGA_lite\17.1\quartus" />
    <property name="env.TMP" value="C:\Users\KEVIN_~1\AppData\Local\Temp" />
    <property name="java.vm.specification.name" value="Java Virtual Machine Specification" />
    <property name="ant.home" value="C:\Users\Kevin_Hanson\.p2\pool\plugins\org.apache.ant_1.10.7.v20190926-0324" />
    <property name="sun.os.patch.level" value="" />
    <property name="junit.output.dir" value="junit" />
    <property name="ant.version" value="Apache Ant(TM) version 1.10.7 compiled on September 1 2019" />
    <property name="eclipse.pdebuild.scripts" value="C:\Users\Kevin_Hanson\eclipse\jee-2019-12\eclipse\..\..\..\.p2\pool\plugins\org.eclipse.pde.build_3.10.600.v20191011-0535\scripts" />
    <property name="java.library.path" value="C:\Program Files\Java\jdk-13.0.2\bin;C:\WINDOWS\Sun\Java\bin;C:\WINDOWS\system32;C:\WINDOWS;C:/Program Files/Java/jdk-13.0.2/bin/server;C:/Program Files/Java/jdk-13.0.2/bin;C:\Program Files\IBM\ILOG\CPLEX_Studio129\opl\bin\x64_win64;C:\Program Files\IBM\ILOG\CPLEX_Studio129\opl\oplide\;C:\Program Files\IBM\ILOG\CPLEX_Studio129\cplex\bin\x64_win64;C:\Program Files\IBM\ILOG\CPLEX_Studio129\cpoptimizer\bin\x64_win64;C:\Program Files (x86)\Common Files\Oracle\Java\javapath;C:\ProgramData\Oracle\Java\javapath;C:\Program Files (x86)\Intel\iCLS Client\;C:\Program Files\Intel\iCLS Client\;C:\Windows\system32;C:\Windows;C:\Windows\System32\Wbem;C:\Windows\System32\WindowsPowerShell\v1.0\;C:\Program Files (x86)\Intel\Intel(R) Management Engine Components\DAL;C:\Program Files\Intel\Intel(R) Management Engine Components\DAL;C:\Program Files (x86)\Intel\Intel(R) Management Engine Components\IPT;C:\Program Files\Intel\Intel(R) Management Engine Components\IPT;C:\Program Files (x86)\NVIDIA Corporation\PhysX\Common;C:\Program Files\Intel\WiFi\bin\;C:\Program Files\Common Files\Intel\WirelessCommon\;C:\WINDOWS\system32;C:\WINDOWS;C:\WINDOWS\System32\Wbem;C:\WINDOWS\System32\WindowsPowerShell\v1.0\;C:\WINDOWS\System32\OpenSSH\;C:\Program Files\PuTTY\;C:\Program Files (x86)\Java\jdk1.8.0_101\jdk-13.0.2\bin;C:\Users\Kevin_Hanson\AppData\Roaming\Dashlane\4.5.1.15044\bin\Firefox_Extension\{442718d9-475e-452a-b3e1-fb1ee16b8e9f}\components;C:\Users\Kevin_Hanson\AppData\Roaming\Dashlane\4.5.2.16147\bin\Firefox_Extension\{442718d9-475e-452a-b3e1-fb1ee16b8e9f}\components;C:\Users\Kevin_Hanson\AppData\Local\Microsoft\WindowsApps;C:\intelFPGA\17.1\modelsim_ase\win32aloem;C:\Users\Kevin_Hanson\AppData\Local\GitHubDesktop\bin;C:\Users\Kevin_Hanson\Desktop\School Folder;;." />
    <property name="java.vendor" value="Oracle Corporation" />
    <property name="env.LOGONSERVER" value="\\DESKTOP-J4K0AHG" />
    <property name="sun.io.unicode.encoding" value="UnicodeLittle" />
    <property name="env.asl.log" value="Destination=file" />
    <property name="ant.file.test-webapp" value="C:\Users\Kevin_Hanson\Desktop\webapp_tests\test-webapp\build.xml" />
    <property name="env.CPLEX_STUDIO_DIR129" value="C:\Program Files\IBM\ILOG\CPLEX_Studio129" />
    <property name="java.class.path" value="C:\Users\Kevin_Hanson\Desktop\webapp_tests\test-webapp\bin;C:\Users\Kevin_Hanson\.p2\pool\plugins\org.junit.jupiter.api_5.5.1.v20190826-0900.jar;C:\Users\Kevin_Hanson\.p2\pool\plugins\org.junit.jupiter.engine_5.5.1.v20190826-0900.jar;C:\Users\Kevin_Hanson\.p2\pool\plugins\org.junit.jupiter.migrationsupport_5.5.1.v20190826-0900.jar;C:\Users\Kevin_Hanson\.p2\pool\plugins\org.junit.jupiter.params_5.5.1.v20190826-0900.jar;C:\Users\Kevin_Hanson\.p2\pool\plugins\org.junit.platform.commons_1.5.1.v20190826-0900.jar;C:\Users\Kevin_Hanson\.p2\pool\plugins\org.junit.platform.engine_1.5.1.v20190826-0900.jar;C:\Users\Kevin_Hanson\.p2\pool\plugins\org.junit.platform.launcher_1.5.1.v20190826-0900.jar;C:\Users\Kevin_Hanson\.p2\pool\plugins\org.junit.platform.runner_1.5.1.v20190826-0900.jar;C:\Users\Kevin_Hanson\.p2\pool\plugins\org.junit.platform.suite.api_1.5.1.v20190826-0900.jar;C:\Users\Kevin_Hanson\.p2\pool\plugins\org.junit.vintage.engine_5.5.1.v20190826-0900.jar;C:\Users\Kevin_Hanson\.p2\pool\plugins\org.opentest4j_1.2.0.v20190826-0900.jar;C:\Users\Kevin_Hanson\.p2\pool\plugins\org.apiguardian_1.1.0.v20190826-0900.jar;C:\Users\Kevin_Hanson\.p2\pool\plugins\org.junit_4.12.0.v201504281640\junit.jar;C:\Users\Kevin_Hanson\.p2\pool\plugins\org.hamcrest.core_1.3.0.v20180420-1519.jar;C:\Users\Kevin_Hanson\Desktop\webapp_tests\test-webapp\selenium-server-standalone-3.141.59.jar;C:\Users\Kevin_Hanson\.p2\pool\plugins\org.apache.ant_1.10.7.v20190926-0324\lib\ant-launcher.jar;C:\Users\Kevin_Hanson\.p2\pool\plugins\org.apache.ant_1.10.7.v20190926-0324\lib\ant.jar;C:\Users\Kevin_Hanson\.p2\pool\plugins\org.apache.ant_1.10.7.v20190926-0324\lib\ant-junit.jar;C:\Users\Kevin_Hanson\.p2\pool\plugins\org.apache.ant_1.10.7.v20190926-0324\lib\ant-junit4.jar" />
    <property name="source" value="1.8" />
    <property name="java.vm.vendor" value="Oracle Corporation" />
    <property name="env.PROCESSOR_ARCHITECTURE" value="AMD64" />
    <property name="user.variant" value="" />
    <property name="env.SystemRoot" value="C:\WINDOWS" />
    <property name="java.vm.specification.version" value="13" />
    <property name="os.name" value="Windows 10" />
    <property name="sun.java.launcher" value="SUN_STANDARD" />
    <property name="user.country" value="US" />
    <property name="env.USERDOMAIN" value="DESKTOP-J4K0AHG" />
    <property name="sun.cpu.endian" value="little" />
    <property name="user.home" value="C:\Users\Kevin_Hanson" />
    <property name="user.language" value="en" />
    <property name="eclipse.pdebuild.home" value="C:\Users\Kevin_Hanson\eclipse\jee-2019-12\eclipse\..\..\..\.p2\pool\plugins\org.eclipse.pde.build_3.10.600.v20191011-0535\." />
    <property name="ant.java.version" value="13" />
    <property name="env.ALLUSERSPROFILE" value="C:\ProgramData" />
    <property name="env.SESSIONNAME" value="Console" />
    <property name="env.CARBON_MEM_DISABLE" value="1" />
    <property name="env.ANT_HOME" value="C:\Users\Kevin_Hanson\.p2\pool\plugins\org.apache.ant_1.10.7.v20190926-0324" />
    <property name="env.windir" value="C:\WINDOWS" />
    <property name="ant.file" value="C:\Users\Kevin_Hanson\Desktop\webapp_tests\test-webapp\build.xml" />
    <property name="path.separator" value=";" />
    <property name="os.version" value="10.0" />
    <property name="java.runtime.name" value="Java(TM) SE Runtime Environment" />
    <property name="env.CommonProgramFiles(x86)" value="C:\Program Files (x86)\Common Files" />
    <property name="env.PATHEXT" value=".COM;.EXE;.BAT;.CMD;.VBS;.VBE;.JS;.JSE;.WSF;.WSH;.MSC" />
    <property name="ant.project.invoked-targets" value="build,FailedLogin,LoginSuccess,UNOHomePage,CreatePage,SearchAll,SearchName,SearchEmail,SearchMajor,SearchMinor,DeletePage" />
    <property name="java.vm.name" value="Java HotSpot(TM) 64-Bit Server VM" />
    <property name="ECLIPSE_HOME" value="../../../eclipse/jee-2019-12/eclipse/" />
    <property name="ant.core.lib" value="C:\Users\Kevin_Hanson\.p2\pool\plugins\org.apache.ant_1.10.7.v20190926-0324\lib\ant.jar" />
    <property name="java.vendor.url.bug" value="https://bugreport.java.com/bugreport/" />
    <property name="user.dir" value="C:\Users\Kevin_Hanson\Desktop\webapp_tests\test-webapp" />
    <property name="os.arch" value="amd64" />
    <property name="env.USERNAME" value="Kevin_Hanson" />
    <property name="env.OneDriveConsumer" value="C:\Users\Kevin_Hanson\OneDrive" />
    <property name="target" value="1.8" />
    <property name="env.ProgramFiles(x86)" value="C:\Program Files (x86)" />
    <property name="java.vm.info" value="mixed mode, sharing" />
    <property name="java.vm.version" value="13.0.2+8" />
    <property name="env.FPS_BROWSER_USER_PROFILE_STRING" value="Default" />
    <property name="env.TEMP" value="C:\Users\KEVIN_~1\AppData\Local\Temp" />
    <property name="java.class.version" value="57.0" />
    <property name="env.OneDrive" value="C:\Users\Kevin_Hanson\OneDrive" />
    <property name="ant.project.default-target" value="build" />
  </properties>
  <testcase classname="CreatePage" name="testCreatePage" time="52.255" />
  <system-out><![CDATA[]]></system-out>
  <system-err><![CDATA[Starting ChromeDriver 81.0.4044.69 (6813546031a4bc83f717a2ef7cd4ac6ec1199132-refs/branch-heads/4044@{#776}) on port 40747
Only local connections are allowed.
Please protect ports used by ChromeDriver and related test frameworks to prevent access by malicious code.
Apr 28, 2020 3:15:42 AM org.openqa.selenium.remote.ProtocolHandshake createSession
INFO: Detected dialect: W3C
[1588061742.770][SEVERE]: Timed out receiving message from renderer: 0.100
[1588061742.872][SEVERE]: Timed out receiving message from renderer: 0.100
[1588061742.974][SEVERE]: Timed out receiving message from renderer: 0.100
[1588061743.078][SEVERE]: Timed out receiving message from renderer: 0.100
[1588061743.185][SEVERE]: Timed out receiving message from renderer: 0.100
[1588061743.290][SEVERE]: Timed out receiving message from renderer: 0.100
[1588061743.448][SEVERE]: Timed out receiving message from renderer: 0.100
[1588061743.572][SEVERE]: Timed out receiving message from renderer: 0.100
[1588061743.676][SEVERE]: Timed out receiving message from renderer: 0.100
[1588061743.778][SEVERE]: Timed out receiving message from renderer: 0.100
[1588061743.881][SEVERE]: Timed out receiving message from renderer: 0.100
[1588061743.987][SEVERE]: Timed out receiving message from renderer: 0.100
[1588061744.089][SEVERE]: Timed out receiving message from renderer: 0.100
[1588061744.233][SEVERE]: Timed out receiving message from renderer: 0.100
[1588061744.336][SEVERE]: Timed out receiving message from renderer: 0.100
[1588061744.439][SEVERE]: Timed out receiving message from renderer: 0.100
[1588061744.545][SEVERE]: Timed out receiving message from renderer: 0.100
[1588061744.653][SEVERE]: Timed out receiving message from renderer: 0.100
[1588061744.766][SEVERE]: Timed out receiving message from renderer: 0.100
[1588061744.869][SEVERE]: Timed out receiving message from renderer: 0.100
[1588061744.973][SEVERE]: Timed out receiving message from renderer: 0.100
[1588061745.084][SEVERE]: Timed out receiving message from renderer: 0.100
[1588061745.186][SEVERE]: Timed out receiving message from renderer: 0.100
[1588061745.303][SEVERE]: Timed out receiving message from renderer: 0.100
[1588061745.414][SEVERE]: Timed out receiving message from renderer: 0.100
[1588061745.515][SEVERE]: Timed out receiving message from renderer: 0.100
[1588061745.630][SEVERE]: Timed out receiving message from renderer: 0.100
[1588061745.765][SEVERE]: Timed out receiving message from renderer: 0.100
[1588061745.874][SEVERE]: Timed out receiving message from renderer: 0.100
[1588061745.981][SEVERE]: Timed out receiving message from renderer: 0.100
[1588061746.094][SEVERE]: Timed out receiving message from renderer: 0.100
[1588061746.198][SEVERE]: Timed out receiving message from renderer: 0.100
[1588061746.299][SEVERE]: Timed out receiving message from renderer: 0.100
[1588061746.401][SEVERE]: Timed out receiving message from renderer: 0.100
[1588061746.526][SEVERE]: Timed out receiving message from renderer: 0.100
[1588061746.631][SEVERE]: Timed out receiving message from renderer: 0.100
[1588061746.733][SEVERE]: Timed out receiving message from renderer: 0.100
[1588061746.834][SEVERE]: Timed out receiving message from renderer: 0.100
[1588061746.937][SEVERE]: Timed out receiving message from renderer: 0.100
[1588061747.038][SEVERE]: Timed out receiving message from renderer: 0.100
[1588061747.143][SEVERE]: Timed out receiving message from renderer: 0.100
[1588061747.245][SEVERE]: Timed out receiving message from renderer: 0.100
[1588061747.347][SEVERE]: Timed out receiving message from renderer: 0.100
[1588061747.449][SEVERE]: Timed out receiving message from renderer: 0.100
[1588061747.551][SEVERE]: Timed out receiving message from renderer: 0.100
[1588061747.655][SEVERE]: Timed out receiving message from renderer: 0.100
[1588061747.758][SEVERE]: Timed out receiving message from renderer: 0.100
[1588061747.859][SEVERE]: Timed out receiving message from renderer: 0.100
[1588061747.966][SEVERE]: Timed out receiving message from renderer: 0.100
[1588061748.069][SEVERE]: Timed out receiving message from renderer: 0.100
[1588061748.171][SEVERE]: Timed out receiving message from renderer: 0.100
[1588061748.275][SEVERE]: Timed out receiving message from renderer: 0.100
[1588061748.377][SEVERE]: Timed out receiving message from renderer: 0.100
[1588061748.482][SEVERE]: Timed out receiving message from renderer: 0.100
[1588061748.586][SEVERE]: Timed out receiving message from renderer: 0.100
[1588061748.688][SEVERE]: Timed out receiving message from renderer: 0.100
[1588061748.789][SEVERE]: Timed out receiving message from renderer: 0.100
[1588061748.892][SEVERE]: Timed out receiving message from renderer: 0.100
[1588061748.993][SEVERE]: Timed out receiving message from renderer: 0.100
[1588061749.097][SEVERE]: Timed out receiving message from renderer: 0.100
[1588061749.209][SEVERE]: Timed out receiving message from renderer: 0.100
[1588061749.311][SEVERE]: Timed out receiving message from renderer: 0.100
[1588061749.413][SEVERE]: Timed out receiving message from renderer: 0.100
[1588061749.518][SEVERE]: Timed out receiving message from renderer: 0.100
[1588061749.626][SEVERE]: Timed out receiving message from renderer: 0.100
[1588061749.730][SEVERE]: Timed out receiving message from renderer: 0.100
[1588061749.832][SEVERE]: Timed out receiving message from renderer: 0.100
[1588061749.934][SEVERE]: Timed out receiving message from renderer: 0.100
[1588061750.036][SEVERE]: Timed out receiving message from renderer: 0.100
[1588061750.138][SEVERE]: Timed out receiving message from renderer: 0.100
[1588061750.242][SEVERE]: Timed out receiving message from renderer: 0.100
[1588061750.344][SEVERE]: Timed out receiving message from renderer: 0.100
[1588061750.446][SEVERE]: Timed out receiving message from renderer: 0.100
]]></system-err>
</testsuite>
